Copyright 1986-2022 Xilinx, Inc. All Rights Reserved. Copyright 2022-2023 Advanced Micro Devices, Inc. All Rights Reserved.
---------------------------------------------------------------------------------------------------------------------------------------------
| Tool Version : Vivado v.2023.2 (win64) Build 4029153 Fri Oct 13 20:14:34 MDT 2023
| Date         : Wed Dec 11 03:11:12 2024
| Host         : Raven1911 running 64-bit major release  (build 9200)
| Command      : report_control_sets -verbose -file CPU_RiscV_IM_control_sets_placed.rpt
| Design       : CPU_RiscV_IM
| Device       : xc7z020
---------------------------------------------------------------------------------------------------------------------------------------------

Control Set Information

Table of Contents
-----------------
1. Summary
2. Histogram
3. Flip-Flop Distribution
4. Detailed Control Set Information

1. Summary
----------

+----------------------------------------------------------+-------+
|                          Status                          | Count |
+----------------------------------------------------------+-------+
| Total control sets                                       |   327 |
|    Minimum number of control sets                        |   327 |
|    Addition due to synthesis replication                 |     0 |
|    Addition due to physical synthesis replication        |     0 |
| Unused register locations in slices containing registers |   152 |
+----------------------------------------------------------+-------+
* Control sets can be merged at opt_design using control_set_merge or merge_equivalent_drivers
** Run report_qor_suggestions for automated merging and remapping suggestions


2. Histogram
------------

+--------------------+-------+
|       Fanout       | Count |
+--------------------+-------+
| Total control sets |   327 |
| >= 0 to < 4        |     1 |
| >= 4 to < 6        |     0 |
| >= 6 to < 8        |     1 |
| >= 8 to < 10       |   288 |
| >= 10 to < 12      |     0 |
| >= 12 to < 14      |     1 |
| >= 14 to < 16      |     0 |
| >= 16              |    36 |
+--------------------+-------+
* Control sets can be remapped at either synth_design or opt_design


3. Flip-Flop Distribution
-------------------------

+--------------+-----------------------+------------------------+-----------------+--------------+
| Clock Enable | Synchronous Set/Reset | Asynchronous Set/Reset | Total Registers | Total Slices |
+--------------+-----------------------+------------------------+-----------------+--------------+
| No           | No                    | No                     |               0 |            0 |
| No           | No                    | Yes                    |             335 |          139 |
| No           | Yes                   | No                     |              43 |           16 |
| Yes          | No                    | No                     |              35 |           27 |
| Yes          | No                    | Yes                    |            3467 |         1640 |
| Yes          | Yes                   | No                     |              32 |           13 |
+--------------+-----------------------+------------------------+-----------------+--------------+


4. Detailed Control Set Information
-----------------------------------

+------------------+------------------------------------------------+----------------------------+------------------+----------------+--------------+
|   Clock Signal   |                  Enable Signal                 |      Set/Reset Signal      | Slice Load Count | Bel Load Count | Bels / Slice |
+------------------+------------------------------------------------+----------------------------+------------------+----------------+--------------+
|  clk_i_IBUF_BUFG | reset_n_IBUF                                   |                            |                1 |              3 |         3.00 |
|  clk_i_IBUF_BUFG | Instruction_Memory/instr_wr_address[5]_i_1_n_0 | Instruction_Memory/reset_n |                1 |              6 |         6.00 |
|  clk_i_IBUF_BUFG | Instruction_Memory/memory[11][7]_i_1_n_0       | Instruction_Memory/reset_n |                1 |              8 |         8.00 |
|  clk_i_IBUF_BUFG | Instruction_Memory/memory[8][7]_i_1_n_0        | Instruction_Memory/reset_n |                4 |              8 |         2.00 |
|  clk_i_IBUF_BUFG | Instruction_Memory/memory[6][15]_i_1_n_0       | Instruction_Memory/reset_n |                1 |              8 |         8.00 |
|  clk_i_IBUF_BUFG | Instruction_Memory/memory[9][31]_i_1_n_0       | Instruction_Memory/reset_n |                2 |              8 |         4.00 |
|  clk_i_IBUF_BUFG | Instruction_Memory/memory[9][7]_i_1_n_0        | Instruction_Memory/reset_n |                7 |              8 |         1.14 |
|  clk_i_IBUF_BUFG | EX_MEM/E[0]                                    | Instruction_Memory/reset_n |                4 |              8 |         2.00 |
|  clk_i_IBUF_BUFG | EX_MEM/MemWrite_o_reg_29[0]                    | Instruction_Memory/reset_n |                5 |              8 |         1.60 |
|  clk_i_IBUF_BUFG | EX_MEM/MemWrite_o_reg_8[0]                     | Instruction_Memory/reset_n |                6 |              8 |         1.33 |
|  clk_i_IBUF_BUFG | EX_MEM/MemWrite_o_reg_30[0]                    | Instruction_Memory/reset_n |                8 |              8 |         1.00 |
|  clk_i_IBUF_BUFG | EX_MEM/MemWrite_o_reg_26[0]                    | Instruction_Memory/reset_n |                6 |              8 |         1.33 |
|  clk_i_IBUF_BUFG | EX_MEM/MemWrite_o_reg_25[0]                    | Instruction_Memory/reset_n |                7 |              8 |         1.14 |
|  clk_i_IBUF_BUFG | EX_MEM/MemWrite_o_reg_14[0]                    | Instruction_Memory/reset_n |                4 |              8 |         2.00 |
|  clk_i_IBUF_BUFG | EX_MEM/MemWrite_o_reg_1[0]                     | Instruction_Memory/reset_n |                4 |              8 |         2.00 |
|  clk_i_IBUF_BUFG | EX_MEM/MemWrite_o_reg_6[0]                     | Instruction_Memory/reset_n |                8 |              8 |         1.00 |
|  clk_i_IBUF_BUFG | EX_MEM/MemWrite_o_reg_13[0]                    | Instruction_Memory/reset_n |                5 |              8 |         1.60 |
|  clk_i_IBUF_BUFG | EX_MEM/MemWrite_o_reg_15[0]                    | Instruction_Memory/reset_n |                7 |              8 |         1.14 |
|  clk_i_IBUF_BUFG | EX_MEM/MemWrite_o_reg_23[0]                    | Instruction_Memory/reset_n |                6 |              8 |         1.33 |
|  clk_i_IBUF_BUFG | EX_MEM/MemWrite_o_reg_28[0]                    | Instruction_Memory/reset_n |                8 |              8 |         1.00 |
|  clk_i_IBUF_BUFG | EX_MEM/MemWrite_o_reg_4[0]                     | Instruction_Memory/reset_n |                3 |              8 |         2.67 |
|  clk_i_IBUF_BUFG | EX_MEM/MemWrite_o_reg_7[0]                     | Instruction_Memory/reset_n |                4 |              8 |         2.00 |
|  clk_i_IBUF_BUFG | EX_MEM/MemWrite_o_reg_3[0]                     | Instruction_Memory/reset_n |                8 |              8 |         1.00 |
|  clk_i_IBUF_BUFG | EX_MEM/MemWrite_o_reg_2[0]                     | Instruction_Memory/reset_n |                5 |              8 |         1.60 |
|  clk_i_IBUF_BUFG | EX_MEM/MemWrite_o_reg_20[0]                    | Instruction_Memory/reset_n |                4 |              8 |         2.00 |
|  clk_i_IBUF_BUFG | EX_MEM/MemWrite_o_reg_9[0]                     | Instruction_Memory/reset_n |                8 |              8 |         1.00 |
|  clk_i_IBUF_BUFG | EX_MEM/MemWrite_o_reg_5[0]                     | Instruction_Memory/reset_n |                7 |              8 |         1.14 |
|  clk_i_IBUF_BUFG | EX_MEM/MemWrite_o_reg_0[0]                     | Instruction_Memory/reset_n |                6 |              8 |         1.33 |
|  clk_i_IBUF_BUFG | EX_MEM/MemWrite_o_reg_11[0]                    | Instruction_Memory/reset_n |                7 |              8 |         1.14 |
|  clk_i_IBUF_BUFG | EX_MEM/MemWrite_o_reg_19[0]                    | Instruction_Memory/reset_n |                6 |              8 |         1.33 |
|  clk_i_IBUF_BUFG | EX_MEM/MemWrite_o_reg_17[0]                    | Instruction_Memory/reset_n |                7 |              8 |         1.14 |
|  clk_i_IBUF_BUFG | EX_MEM/MemWrite_o_reg_10[0]                    | Instruction_Memory/reset_n |                4 |              8 |         2.00 |
|  clk_i_IBUF_BUFG | EX_MEM/MemWrite_o_reg_24[0]                    | Instruction_Memory/reset_n |                2 |              8 |         4.00 |
|  clk_i_IBUF_BUFG | EX_MEM/MemWrite_o_reg_12[0]                    | Instruction_Memory/reset_n |                6 |              8 |         1.33 |
|  clk_i_IBUF_BUFG | EX_MEM/MemWrite_o_reg_21[0]                    | Instruction_Memory/reset_n |                8 |              8 |         1.00 |
|  clk_i_IBUF_BUFG | EX_MEM/MemWrite_o_reg_16[0]                    | Instruction_Memory/reset_n |                5 |              8 |         1.60 |
|  clk_i_IBUF_BUFG | EX_MEM/MemWrite_o_reg_22[0]                    | Instruction_Memory/reset_n |                5 |              8 |         1.60 |
|  clk_i_IBUF_BUFG | EX_MEM/MemWrite_o_reg_27[0]                    | Instruction_Memory/reset_n |                8 |              8 |         1.00 |
|  clk_i_IBUF_BUFG | EX_MEM/MemWrite_o_reg_18[0]                    | Instruction_Memory/reset_n |                7 |              8 |         1.14 |
|  clk_i_IBUF_BUFG | Instruction_Memory/memory[0][15]_i_1_n_0       | Instruction_Memory/reset_n |                2 |              8 |         4.00 |
|  clk_i_IBUF_BUFG | Instruction_Memory/memory[16][31]_i_1_n_0      | Instruction_Memory/reset_n |                2 |              8 |         4.00 |
|  clk_i_IBUF_BUFG | Instruction_Memory/memory[0][23]_i_1_n_0       | Instruction_Memory/reset_n |                1 |              8 |         8.00 |
|  clk_i_IBUF_BUFG | Instruction_Memory/memory[0][7]_i_1_n_0        | Instruction_Memory/reset_n |                2 |              8 |         4.00 |
|  clk_i_IBUF_BUFG | Instruction_Memory/memory[12][15]_i_1_n_0      | Instruction_Memory/reset_n |                1 |              8 |         8.00 |
|  clk_i_IBUF_BUFG | Instruction_Memory/memory[15][7]_i_1_n_0       | Instruction_Memory/reset_n |                1 |              8 |         8.00 |
|  clk_i_IBUF_BUFG | Instruction_Memory/memory[13][31]_i_1_n_0      | Instruction_Memory/reset_n |                7 |              8 |         1.14 |
|  clk_i_IBUF_BUFG | Instruction_Memory/memory[17][31]_i_1_n_0      | Instruction_Memory/reset_n |                4 |              8 |         2.00 |
|  clk_i_IBUF_BUFG | Instruction_Memory/memory[15][23]_i_1_n_0      | Instruction_Memory/reset_n |                2 |              8 |         4.00 |
|  clk_i_IBUF_BUFG | Instruction_Memory/memory[19][31]_i_1_n_0      | Instruction_Memory/reset_n |                1 |              8 |         8.00 |
|  clk_i_IBUF_BUFG | Instruction_Memory/memory[12][31]_i_1_n_0      | Instruction_Memory/reset_n |                2 |              8 |         4.00 |
|  clk_i_IBUF_BUFG | Instruction_Memory/memory[18][15]_i_1_n_0      | Instruction_Memory/reset_n |                1 |              8 |         8.00 |
|  clk_i_IBUF_BUFG | Instruction_Memory/memory[1][15]_i_1_n_0       | Instruction_Memory/reset_n |                2 |              8 |         4.00 |
|  clk_i_IBUF_BUFG | Instruction_Memory/memory[12][7]_i_1_n_0       | Instruction_Memory/reset_n |                2 |              8 |         4.00 |
|  clk_i_IBUF_BUFG | Instruction_Memory/memory[17][15]_i_1_n_0      | Instruction_Memory/reset_n |                3 |              8 |         2.67 |
|  clk_i_IBUF_BUFG | Instruction_Memory/memory[15][31]_i_1_n_0      | Instruction_Memory/reset_n |                2 |              8 |         4.00 |
|  clk_i_IBUF_BUFG | Instruction_Memory/memory[11][23]_i_1_n_0      | Instruction_Memory/reset_n |                1 |              8 |         8.00 |
|  clk_i_IBUF_BUFG | Instruction_Memory/memory[18][7]_i_1_n_0       | Instruction_Memory/reset_n |                1 |              8 |         8.00 |
|  clk_i_IBUF_BUFG | Instruction_Memory/memory[19][7]_i_1_n_0       | Instruction_Memory/reset_n |                3 |              8 |         2.67 |
|  clk_i_IBUF_BUFG | Instruction_Memory/memory[14][7]_i_1_n_0       | Instruction_Memory/reset_n |                3 |              8 |         2.67 |
|  clk_i_IBUF_BUFG | Instruction_Memory/memory[10][23]_i_1_n_0      | Instruction_Memory/reset_n |                1 |              8 |         8.00 |
|  clk_i_IBUF_BUFG | Instruction_Memory/memory[10][7]_i_1_n_0       | Instruction_Memory/reset_n |                1 |              8 |         8.00 |
|  clk_i_IBUF_BUFG | Instruction_Memory/memory[10][15]_i_1_n_0      | Instruction_Memory/reset_n |                2 |              8 |         4.00 |
|  clk_i_IBUF_BUFG | Instruction_Memory/memory[13][15]_i_1_n_0      | Instruction_Memory/reset_n |                1 |              8 |         8.00 |
|  clk_i_IBUF_BUFG | Instruction_Memory/memory[13][23]_i_1_n_0      | Instruction_Memory/reset_n |                3 |              8 |         2.67 |
|  clk_i_IBUF_BUFG | Instruction_Memory/memory[14][15]_i_1_n_0      | Instruction_Memory/reset_n |                3 |              8 |         2.67 |
|  clk_i_IBUF_BUFG | Instruction_Memory/memory[14][31]_i_1_n_0      | Instruction_Memory/reset_n |                1 |              8 |         8.00 |
|  clk_i_IBUF_BUFG | Instruction_Memory/memory[14][23]_i_1_n_0      | Instruction_Memory/reset_n |                3 |              8 |         2.67 |
|  clk_i_IBUF_BUFG | Instruction_Memory/memory[16][23]_i_1_n_0      | Instruction_Memory/reset_n |                1 |              8 |         8.00 |
|  clk_i_IBUF_BUFG | Instruction_Memory/memory[16][7]_i_1_n_0       | Instruction_Memory/reset_n |                4 |              8 |         2.00 |
|  clk_i_IBUF_BUFG | Instruction_Memory/memory[17][23]_i_1_n_0      | Instruction_Memory/reset_n |                1 |              8 |         8.00 |
|  clk_i_IBUF_BUFG | Instruction_Memory/memory[17][7]_i_1_n_0       | Instruction_Memory/reset_n |                1 |              8 |         8.00 |
|  clk_i_IBUF_BUFG | Instruction_Memory/memory[18][31]_i_1_n_0      | Instruction_Memory/reset_n |                3 |              8 |         2.67 |
|  clk_i_IBUF_BUFG | Instruction_Memory/memory[19][15]_i_1_n_0      | Instruction_Memory/reset_n |                1 |              8 |         8.00 |
|  clk_i_IBUF_BUFG | Instruction_Memory/memory[19][23]_i_1_n_0      | Instruction_Memory/reset_n |                2 |              8 |         4.00 |
|  clk_i_IBUF_BUFG | Instruction_Memory/memory[11][31]_i_1_n_0      | Instruction_Memory/reset_n |                1 |              8 |         8.00 |
|  clk_i_IBUF_BUFG | Instruction_Memory/memory[10][31]_i_1_n_0      | Instruction_Memory/reset_n |                5 |              8 |         1.60 |
|  clk_i_IBUF_BUFG | Instruction_Memory/memory[12][23]_i_1_n_0      | Instruction_Memory/reset_n |                2 |              8 |         4.00 |
|  clk_i_IBUF_BUFG | Instruction_Memory/memory[11][15]_i_1_n_0      | Instruction_Memory/reset_n |                2 |              8 |         4.00 |
|  clk_i_IBUF_BUFG | Instruction_Memory/memory[13][7]_i_1_n_0       | Instruction_Memory/reset_n |                1 |              8 |         8.00 |
|  clk_i_IBUF_BUFG | Instruction_Memory/memory[16][15]_i_1_n_0      | Instruction_Memory/reset_n |                2 |              8 |         4.00 |
|  clk_i_IBUF_BUFG | Instruction_Memory/memory[63][7]_i_1_n_0       |                            |                7 |              8 |         1.14 |
|  clk_i_IBUF_BUFG | Instruction_Memory/memory[18][23]_i_1_n_0      | Instruction_Memory/reset_n |                2 |              8 |         4.00 |
|  clk_i_IBUF_BUFG | Instruction_Memory/memory[15][15]_i_1_n_0      | Instruction_Memory/reset_n |                3 |              8 |         2.67 |
|  clk_i_IBUF_BUFG | Instruction_Memory/memory[0][31]_i_1_n_0       | Instruction_Memory/reset_n |                1 |              8 |         8.00 |
|  clk_i_IBUF_BUFG | Instruction_Memory/memory[22][31]_i_1_n_0      | Instruction_Memory/reset_n |                2 |              8 |         4.00 |
|  clk_i_IBUF_BUFG | Instruction_Memory/memory[26][7]_i_1_n_0       | Instruction_Memory/reset_n |                4 |              8 |         2.00 |
|  clk_i_IBUF_BUFG | Instruction_Memory/memory[23][15]_i_1_n_0      | Instruction_Memory/reset_n |                2 |              8 |         4.00 |
|  clk_i_IBUF_BUFG | Instruction_Memory/memory[29][15]_i_1_n_0      | Instruction_Memory/reset_n |                2 |              8 |         4.00 |
|  clk_i_IBUF_BUFG | Instruction_Memory/memory[22][15]_i_1_n_0      | Instruction_Memory/reset_n |                2 |              8 |         4.00 |
|  clk_i_IBUF_BUFG | Instruction_Memory/memory[25][7]_i_1_n_0       | Instruction_Memory/reset_n |                5 |              8 |         1.60 |
|  clk_i_IBUF_BUFG | Instruction_Memory/memory[22][23]_i_1_n_0      | Instruction_Memory/reset_n |                2 |              8 |         4.00 |
|  clk_i_IBUF_BUFG | Instruction_Memory/memory[28][23]_i_1_n_0      | Instruction_Memory/reset_n |                1 |              8 |         8.00 |
|  clk_i_IBUF_BUFG | Instruction_Memory/memory[2][15]_i_1_n_0       | Instruction_Memory/reset_n |                3 |              8 |         2.67 |
|  clk_i_IBUF_BUFG | Instruction_Memory/memory[30][23]_i_1_n_0      | Instruction_Memory/reset_n |                4 |              8 |         2.00 |
|  clk_i_IBUF_BUFG | Instruction_Memory/memory[31][23]_i_1_n_0      | Instruction_Memory/reset_n |                7 |              8 |         1.14 |
|  clk_i_IBUF_BUFG | Instruction_Memory/memory[32][31]_i_1_n_0      | Instruction_Memory/reset_n |                2 |              8 |         4.00 |
|  clk_i_IBUF_BUFG | Instruction_Memory/memory[23][23]_i_1_n_0      | Instruction_Memory/reset_n |                2 |              8 |         4.00 |
|  clk_i_IBUF_BUFG | Instruction_Memory/memory[2][31]_i_1_n_0       | Instruction_Memory/reset_n |                4 |              8 |         2.00 |
|  clk_i_IBUF_BUFG | Instruction_Memory/memory[20][23]_i_1_n_0      | Instruction_Memory/reset_n |                2 |              8 |         4.00 |
|  clk_i_IBUF_BUFG | Instruction_Memory/memory[25][23]_i_1_n_0      | Instruction_Memory/reset_n |                2 |              8 |         4.00 |
|  clk_i_IBUF_BUFG | Instruction_Memory/memory[28][15]_i_1_n_0      | Instruction_Memory/reset_n |                2 |              8 |         4.00 |
|  clk_i_IBUF_BUFG | Instruction_Memory/memory[26][31]_i_1_n_0      | Instruction_Memory/reset_n |                5 |              8 |         1.60 |
|  clk_i_IBUF_BUFG | Instruction_Memory/memory[29][23]_i_1_n_0      | Instruction_Memory/reset_n |                2 |              8 |         4.00 |
|  clk_i_IBUF_BUFG | Instruction_Memory/memory[29][31]_i_1_n_0      | Instruction_Memory/reset_n |                2 |              8 |         4.00 |
|  clk_i_IBUF_BUFG | Instruction_Memory/memory[2][23]_i_1_n_0       | Instruction_Memory/reset_n |                2 |              8 |         4.00 |
|  clk_i_IBUF_BUFG | Instruction_Memory/memory[30][31]_i_1_n_0      | Instruction_Memory/reset_n |                3 |              8 |         2.67 |
|  clk_i_IBUF_BUFG | Instruction_Memory/memory[27][7]_i_1_n_0       | Instruction_Memory/reset_n |                5 |              8 |         1.60 |
|  clk_i_IBUF_BUFG | Instruction_Memory/memory[2][7]_i_1_n_0        | Instruction_Memory/reset_n |                1 |              8 |         8.00 |
|  clk_i_IBUF_BUFG | Instruction_Memory/memory[25][31]_i_1_n_0      | Instruction_Memory/reset_n |                1 |              8 |         8.00 |
|  clk_i_IBUF_BUFG | Instruction_Memory/memory[29][7]_i_1_n_0       | Instruction_Memory/reset_n |                8 |              8 |         1.00 |
|  clk_i_IBUF_BUFG | Instruction_Memory/memory[31][15]_i_1_n_0      | Instruction_Memory/reset_n |                5 |              8 |         1.60 |
|  clk_i_IBUF_BUFG | Instruction_Memory/memory[1][23]_i_1_n_0       | Instruction_Memory/reset_n |                1 |              8 |         8.00 |
|  clk_i_IBUF_BUFG | Instruction_Memory/memory[1][7]_i_1_n_0        | Instruction_Memory/reset_n |                4 |              8 |         2.00 |
|  clk_i_IBUF_BUFG | Instruction_Memory/memory[23][7]_i_1_n_0       | Instruction_Memory/reset_n |                3 |              8 |         2.67 |
|  clk_i_IBUF_BUFG | Instruction_Memory/memory[20][31]_i_1_n_0      | Instruction_Memory/reset_n |                2 |              8 |         4.00 |
|  clk_i_IBUF_BUFG | Instruction_Memory/memory[24][15]_i_1_n_0      | Instruction_Memory/reset_n |                2 |              8 |         4.00 |
|  clk_i_IBUF_BUFG | Instruction_Memory/memory[20][15]_i_1_n_0      | Instruction_Memory/reset_n |                2 |              8 |         4.00 |
|  clk_i_IBUF_BUFG | Instruction_Memory/memory[24][23]_i_1_n_0      | Instruction_Memory/reset_n |                2 |              8 |         4.00 |
|  clk_i_IBUF_BUFG | Instruction_Memory/memory[24][31]_i_1_n_0      | Instruction_Memory/reset_n |                2 |              8 |         4.00 |
|  clk_i_IBUF_BUFG | Instruction_Memory/memory[24][7]_i_1_n_0       | Instruction_Memory/reset_n |                1 |              8 |         8.00 |
|  clk_i_IBUF_BUFG | Instruction_Memory/memory[26][15]_i_1_n_0      | Instruction_Memory/reset_n |                3 |              8 |         2.67 |
|  clk_i_IBUF_BUFG | Instruction_Memory/memory[20][7]_i_1_n_0       | Instruction_Memory/reset_n |                1 |              8 |         8.00 |
|  clk_i_IBUF_BUFG | Instruction_Memory/memory[21][7]_i_1_n_0       | Instruction_Memory/reset_n |                2 |              8 |         4.00 |
|  clk_i_IBUF_BUFG | Instruction_Memory/memory[21][15]_i_1_n_0      | Instruction_Memory/reset_n |                1 |              8 |         8.00 |
|  clk_i_IBUF_BUFG | Instruction_Memory/memory[21][23]_i_1_n_0      | Instruction_Memory/reset_n |                2 |              8 |         4.00 |
|  clk_i_IBUF_BUFG | Instruction_Memory/memory[22][7]_i_1_n_0       | Instruction_Memory/reset_n |                3 |              8 |         2.67 |
|  clk_i_IBUF_BUFG | Instruction_Memory/memory[21][31]_i_1_n_0      | Instruction_Memory/reset_n |                3 |              8 |         2.67 |
|  clk_i_IBUF_BUFG | Instruction_Memory/memory[27][23]_i_1_n_0      | Instruction_Memory/reset_n |                2 |              8 |         4.00 |
|  clk_i_IBUF_BUFG | Instruction_Memory/memory[28][7]_i_1_n_0       | Instruction_Memory/reset_n |                2 |              8 |         4.00 |
|  clk_i_IBUF_BUFG | Instruction_Memory/memory[30][15]_i_1_n_0      | Instruction_Memory/reset_n |                6 |              8 |         1.33 |
|  clk_i_IBUF_BUFG | Instruction_Memory/memory[31][31]_i_1_n_0      | Instruction_Memory/reset_n |                5 |              8 |         1.60 |
|  clk_i_IBUF_BUFG | Instruction_Memory/memory[27][15]_i_1_n_0      | Instruction_Memory/reset_n |                2 |              8 |         4.00 |
|  clk_i_IBUF_BUFG | Instruction_Memory/memory[31][7]_i_1_n_0       | Instruction_Memory/reset_n |                7 |              8 |         1.14 |
|  clk_i_IBUF_BUFG | Instruction_Memory/memory[32][15]_i_1_n_0      | Instruction_Memory/reset_n |                3 |              8 |         2.67 |
|  clk_i_IBUF_BUFG | Instruction_Memory/memory[30][7]_i_1_n_0       | Instruction_Memory/reset_n |                4 |              8 |         2.00 |
|  clk_i_IBUF_BUFG | Instruction_Memory/memory[28][31]_i_1_n_0      | Instruction_Memory/reset_n |                2 |              8 |         4.00 |
|  clk_i_IBUF_BUFG | Instruction_Memory/memory[32][23]_i_1_n_0      | Instruction_Memory/reset_n |                2 |              8 |         4.00 |
|  clk_i_IBUF_BUFG | Instruction_Memory/memory[23][31]_i_1_n_0      | Instruction_Memory/reset_n |                1 |              8 |         8.00 |
|  clk_i_IBUF_BUFG | Instruction_Memory/memory[26][23]_i_1_n_0      | Instruction_Memory/reset_n |                3 |              8 |         2.67 |
|  clk_i_IBUF_BUFG | Instruction_Memory/memory[27][31]_i_1_n_0      | Instruction_Memory/reset_n |                5 |              8 |         1.60 |
|  clk_i_IBUF_BUFG | Instruction_Memory/memory[25][15]_i_1_n_0      | Instruction_Memory/reset_n |                5 |              8 |         1.60 |
|  clk_i_IBUF_BUFG | Instruction_Memory/memory[1][31]_i_1_n_0       | Instruction_Memory/reset_n |                2 |              8 |         4.00 |
|  clk_i_IBUF_BUFG | Instruction_Memory/memory[43][31]_i_1_n_0      | Instruction_Memory/reset_n |                3 |              8 |         2.67 |
|  clk_i_IBUF_BUFG | Instruction_Memory/memory[44][15]_i_1_n_0      | Instruction_Memory/reset_n |                2 |              8 |         4.00 |
|  clk_i_IBUF_BUFG | Instruction_Memory/memory[33][15]_i_1_n_0      | Instruction_Memory/reset_n |                2 |              8 |         4.00 |
|  clk_i_IBUF_BUFG | Instruction_Memory/memory[35][7]_i_1_n_0       | Instruction_Memory/reset_n |                1 |              8 |         8.00 |
|  clk_i_IBUF_BUFG | Instruction_Memory/memory[3][31]_i_1_n_0       | Instruction_Memory/reset_n |                2 |              8 |         4.00 |
|  clk_i_IBUF_BUFG | Instruction_Memory/memory[33][7]_i_1_n_0       | Instruction_Memory/reset_n |                3 |              8 |         2.67 |
|  clk_i_IBUF_BUFG | Instruction_Memory/memory[37][23]_i_1_n_0      | Instruction_Memory/reset_n |                2 |              8 |         4.00 |
|  clk_i_IBUF_BUFG | Instruction_Memory/memory[43][23]_i_1_n_0      | Instruction_Memory/reset_n |                2 |              8 |         4.00 |
|  clk_i_IBUF_BUFG | Instruction_Memory/memory[3][7]_i_1_n_0        | Instruction_Memory/reset_n |                2 |              8 |         4.00 |
|  clk_i_IBUF_BUFG | Instruction_Memory/memory[42][7]_i_1_n_0       | Instruction_Memory/reset_n |                1 |              8 |         8.00 |
|  clk_i_IBUF_BUFG | Instruction_Memory/memory[41][15]_i_1_n_0      | Instruction_Memory/reset_n |                2 |              8 |         4.00 |
|  clk_i_IBUF_BUFG | Instruction_Memory/memory[41][7]_i_1_n_0       | Instruction_Memory/reset_n |                2 |              8 |         4.00 |
|  clk_i_IBUF_BUFG | Instruction_Memory/memory[33][31]_i_1_n_0      | Instruction_Memory/reset_n |                1 |              8 |         8.00 |
|  clk_i_IBUF_BUFG | Instruction_Memory/memory[44][31]_i_1_n_0      | Instruction_Memory/reset_n |                3 |              8 |         2.67 |
|  clk_i_IBUF_BUFG | Instruction_Memory/memory[44][7]_i_1_n_0       | Instruction_Memory/reset_n |                2 |              8 |         4.00 |
|  clk_i_IBUF_BUFG | Instruction_Memory/memory[42][15]_i_1_n_0      | Instruction_Memory/reset_n |                2 |              8 |         4.00 |
|  clk_i_IBUF_BUFG | Instruction_Memory/memory[34][31]_i_1_n_0      | Instruction_Memory/reset_n |                2 |              8 |         4.00 |
|  clk_i_IBUF_BUFG | Instruction_Memory/memory[40][31]_i_1_n_0      | Instruction_Memory/reset_n |                2 |              8 |         4.00 |
|  clk_i_IBUF_BUFG | Instruction_Memory/memory[35][31]_i_1_n_0      | Instruction_Memory/reset_n |                1 |              8 |         8.00 |
|  clk_i_IBUF_BUFG | Instruction_Memory/memory[43][15]_i_1_n_0      | Instruction_Memory/reset_n |                3 |              8 |         2.67 |
|  clk_i_IBUF_BUFG | Instruction_Memory/memory[45][23]_i_1_n_0      | Instruction_Memory/reset_n |                6 |              8 |         1.33 |
|  clk_i_IBUF_BUFG | Instruction_Memory/memory[39][15]_i_1_n_0      | Instruction_Memory/reset_n |                4 |              8 |         2.00 |
|  clk_i_IBUF_BUFG | Instruction_Memory/memory[45][15]_i_1_n_0      | Instruction_Memory/reset_n |                2 |              8 |         4.00 |
|  clk_i_IBUF_BUFG | Instruction_Memory/memory[36][23]_i_1_n_0      | Instruction_Memory/reset_n |                2 |              8 |         4.00 |
|  clk_i_IBUF_BUFG | Instruction_Memory/memory[34][23]_i_1_n_0      | Instruction_Memory/reset_n |                2 |              8 |         4.00 |
|  clk_i_IBUF_BUFG | Instruction_Memory/memory[34][7]_i_1_n_0       | Instruction_Memory/reset_n |                2 |              8 |         4.00 |
|  clk_i_IBUF_BUFG | Instruction_Memory/memory[38][23]_i_1_n_0      | Instruction_Memory/reset_n |                2 |              8 |         4.00 |
|  clk_i_IBUF_BUFG | Instruction_Memory/memory[33][23]_i_1_n_0      | Instruction_Memory/reset_n |                1 |              8 |         8.00 |
|  clk_i_IBUF_BUFG | Instruction_Memory/memory[41][23]_i_1_n_0      | Instruction_Memory/reset_n |                3 |              8 |         2.67 |
|  clk_i_IBUF_BUFG | Instruction_Memory/memory[36][15]_i_1_n_0      | Instruction_Memory/reset_n |                2 |              8 |         4.00 |
|  clk_i_IBUF_BUFG | Instruction_Memory/memory[35][23]_i_1_n_0      | Instruction_Memory/reset_n |                2 |              8 |         4.00 |
|  clk_i_IBUF_BUFG | Instruction_Memory/memory[35][15]_i_1_n_0      | Instruction_Memory/reset_n |                1 |              8 |         8.00 |
|  clk_i_IBUF_BUFG | Instruction_Memory/memory[39][7]_i_1_n_0       | Instruction_Memory/reset_n |                5 |              8 |         1.60 |
|  clk_i_IBUF_BUFG | Instruction_Memory/memory[3][15]_i_1_n_0       | Instruction_Memory/reset_n |                4 |              8 |         2.00 |
|  clk_i_IBUF_BUFG | Instruction_Memory/memory[42][31]_i_1_n_0      | Instruction_Memory/reset_n |                2 |              8 |         4.00 |
|  clk_i_IBUF_BUFG | Instruction_Memory/memory[32][7]_i_1_n_0       | Instruction_Memory/reset_n |                4 |              8 |         2.00 |
|  clk_i_IBUF_BUFG | Instruction_Memory/memory[44][23]_i_1_n_0      | Instruction_Memory/reset_n |                2 |              8 |         4.00 |
|  clk_i_IBUF_BUFG | Instruction_Memory/memory[45][7]_i_1_n_0       | Instruction_Memory/reset_n |                4 |              8 |         2.00 |
|  clk_i_IBUF_BUFG | Instruction_Memory/memory[46][15]_i_1_n_0      | Instruction_Memory/reset_n |                4 |              8 |         2.00 |
|  clk_i_IBUF_BUFG | Instruction_Memory/memory[46][23]_i_1_n_0      | Instruction_Memory/reset_n |                5 |              8 |         1.60 |
|  clk_i_IBUF_BUFG | Instruction_Memory/memory[37][15]_i_1_n_0      | Instruction_Memory/reset_n |                3 |              8 |         2.67 |
|  clk_i_IBUF_BUFG | Instruction_Memory/memory[36][31]_i_1_n_0      | Instruction_Memory/reset_n |                2 |              8 |         4.00 |
|  clk_i_IBUF_BUFG | Instruction_Memory/memory[40][7]_i_1_n_0       | Instruction_Memory/reset_n |                3 |              8 |         2.67 |
|  clk_i_IBUF_BUFG | Instruction_Memory/memory[41][31]_i_1_n_0      | Instruction_Memory/reset_n |                4 |              8 |         2.00 |
|  clk_i_IBUF_BUFG | Instruction_Memory/memory[36][7]_i_1_n_0       | Instruction_Memory/reset_n |                3 |              8 |         2.67 |
|  clk_i_IBUF_BUFG | Instruction_Memory/memory[39][31]_i_1_n_0      | Instruction_Memory/reset_n |                2 |              8 |         4.00 |
|  clk_i_IBUF_BUFG | Instruction_Memory/memory[45][31]_i_1_n_0      | Instruction_Memory/reset_n |                2 |              8 |         4.00 |
|  clk_i_IBUF_BUFG | Instruction_Memory/memory[38][15]_i_1_n_0      | Instruction_Memory/reset_n |                4 |              8 |         2.00 |
|  clk_i_IBUF_BUFG | Instruction_Memory/memory[38][31]_i_1_n_0      | Instruction_Memory/reset_n |                5 |              8 |         1.60 |
|  clk_i_IBUF_BUFG | Instruction_Memory/memory[38][7]_i_1_n_0       | Instruction_Memory/reset_n |                6 |              8 |         1.33 |
|  clk_i_IBUF_BUFG | Instruction_Memory/memory[39][23]_i_1_n_0      | Instruction_Memory/reset_n |                3 |              8 |         2.67 |
|  clk_i_IBUF_BUFG | Instruction_Memory/memory[3][23]_i_1_n_0       | Instruction_Memory/reset_n |                1 |              8 |         8.00 |
|  clk_i_IBUF_BUFG | Instruction_Memory/memory[40][23]_i_1_n_0      | Instruction_Memory/reset_n |                2 |              8 |         4.00 |
|  clk_i_IBUF_BUFG | Instruction_Memory/memory[37][7]_i_1_n_0       | Instruction_Memory/reset_n |                1 |              8 |         8.00 |
|  clk_i_IBUF_BUFG | Instruction_Memory/memory[34][15]_i_1_n_0      | Instruction_Memory/reset_n |                3 |              8 |         2.67 |
|  clk_i_IBUF_BUFG | Instruction_Memory/memory[42][23]_i_1_n_0      | Instruction_Memory/reset_n |                2 |              8 |         4.00 |
|  clk_i_IBUF_BUFG | Instruction_Memory/memory[43][7]_i_1_n_0       | Instruction_Memory/reset_n |                1 |              8 |         8.00 |
|  clk_i_IBUF_BUFG | Instruction_Memory/memory[37][31]_i_1_n_0      | Instruction_Memory/reset_n |                5 |              8 |         1.60 |
|  clk_i_IBUF_BUFG | Instruction_Memory/memory[40][15]_i_1_n_0      | Instruction_Memory/reset_n |                2 |              8 |         4.00 |
|  clk_i_IBUF_BUFG | Instruction_Memory/memory[57][15]_i_1_n_0      | Instruction_Memory/reset_n |                3 |              8 |         2.67 |
|  clk_i_IBUF_BUFG | Instruction_Memory/memory[57][7]_i_1_n_0       | Instruction_Memory/reset_n |                2 |              8 |         4.00 |
|  clk_i_IBUF_BUFG | Instruction_Memory/memory[48][31]_i_1_n_0      | Instruction_Memory/reset_n |                2 |              8 |         4.00 |
|  clk_i_IBUF_BUFG | Instruction_Memory/memory[55][31]_i_1_n_0      | Instruction_Memory/reset_n |                4 |              8 |         2.00 |
|  clk_i_IBUF_BUFG | Instruction_Memory/memory[58][31]_i_1_n_0      | Instruction_Memory/reset_n |                1 |              8 |         8.00 |
|  clk_i_IBUF_BUFG | Instruction_Memory/memory[46][31]_i_1_n_0      | Instruction_Memory/reset_n |                6 |              8 |         1.33 |
|  clk_i_IBUF_BUFG | Instruction_Memory/memory[58][7]_i_1_n_0       | Instruction_Memory/reset_n |                2 |              8 |         4.00 |
|  clk_i_IBUF_BUFG | Instruction_Memory/memory[52][15]_i_1_n_0      | Instruction_Memory/reset_n |                1 |              8 |         8.00 |
|  clk_i_IBUF_BUFG | Instruction_Memory/memory[53][7]_i_1_n_0       | Instruction_Memory/reset_n |                1 |              8 |         8.00 |
|  clk_i_IBUF_BUFG | Instruction_Memory/memory[59][15]_i_1_n_0      | Instruction_Memory/reset_n |                2 |              8 |         4.00 |
|  clk_i_IBUF_BUFG | Instruction_Memory/memory[53][31]_i_1_n_0      | Instruction_Memory/reset_n |                5 |              8 |         1.60 |
|  clk_i_IBUF_BUFG | Instruction_Memory/memory[5][31]_i_1_n_0       | Instruction_Memory/reset_n |                3 |              8 |         2.67 |
|  clk_i_IBUF_BUFG | Instruction_Memory/memory[49][7]_i_1_n_0       | Instruction_Memory/reset_n |                2 |              8 |         4.00 |
|  clk_i_IBUF_BUFG | Instruction_Memory/memory[51][7]_i_1_n_0       | Instruction_Memory/reset_n |                2 |              8 |         4.00 |
|  clk_i_IBUF_BUFG | Instruction_Memory/memory[46][7]_i_1_n_0       | Instruction_Memory/reset_n |                8 |              8 |         1.00 |
|  clk_i_IBUF_BUFG | Instruction_Memory/memory[5][7]_i_1_n_0        | Instruction_Memory/reset_n |                2 |              8 |         4.00 |
|  clk_i_IBUF_BUFG | Instruction_Memory/memory[50][7]_i_1_n_0       | Instruction_Memory/reset_n |                1 |              8 |         8.00 |
|  clk_i_IBUF_BUFG | Instruction_Memory/memory[50][31]_i_1_n_0      | Instruction_Memory/reset_n |                2 |              8 |         4.00 |
|  clk_i_IBUF_BUFG | Instruction_Memory/memory[58][23]_i_1_n_0      | Instruction_Memory/reset_n |                3 |              8 |         2.67 |
|  clk_i_IBUF_BUFG | Instruction_Memory/memory[60][23]_i_1_n_0      | Instruction_Memory/reset_n |                5 |              8 |         1.60 |
|  clk_i_IBUF_BUFG | Instruction_Memory/memory[56][7]_i_1_n_0       | Instruction_Memory/reset_n |                1 |              8 |         8.00 |
|  clk_i_IBUF_BUFG | Instruction_Memory/memory[49][15]_i_1_n_0      | Instruction_Memory/reset_n |                2 |              8 |         4.00 |
|  clk_i_IBUF_BUFG | Instruction_Memory/memory[49][23]_i_1_n_0      | Instruction_Memory/reset_n |                3 |              8 |         2.67 |
|  clk_i_IBUF_BUFG | Instruction_Memory/memory[54][7]_i_1_n_0       | Instruction_Memory/reset_n |                2 |              8 |         4.00 |
|  clk_i_IBUF_BUFG | Instruction_Memory/memory[50][15]_i_1_n_0      | Instruction_Memory/reset_n |                2 |              8 |         4.00 |
|  clk_i_IBUF_BUFG | Instruction_Memory/memory[52][23]_i_1_n_0      | Instruction_Memory/reset_n |                2 |              8 |         4.00 |
|  clk_i_IBUF_BUFG | Instruction_Memory/memory[58][15]_i_1_n_0      | Instruction_Memory/reset_n |                3 |              8 |         2.67 |
|  clk_i_IBUF_BUFG | Instruction_Memory/memory[57][23]_i_1_n_0      | Instruction_Memory/reset_n |                1 |              8 |         8.00 |
|  clk_i_IBUF_BUFG | Instruction_Memory/memory[53][15]_i_1_n_0      | Instruction_Memory/reset_n |                1 |              8 |         8.00 |
|  clk_i_IBUF_BUFG | Instruction_Memory/memory[4][15]_i_1_n_0       | Instruction_Memory/reset_n |                3 |              8 |         2.67 |
|  clk_i_IBUF_BUFG | Instruction_Memory/memory[51][31]_i_1_n_0      | Instruction_Memory/reset_n |                2 |              8 |         4.00 |
|  clk_i_IBUF_BUFG | Instruction_Memory/memory[4][31]_i_1_n_0       | Instruction_Memory/reset_n |                1 |              8 |         8.00 |
|  clk_i_IBUF_BUFG | Instruction_Memory/memory[52][31]_i_1_n_0      | Instruction_Memory/reset_n |                4 |              8 |         2.00 |
|  clk_i_IBUF_BUFG | Instruction_Memory/memory[55][23]_i_1_n_0      | Instruction_Memory/reset_n |                2 |              8 |         4.00 |
|  clk_i_IBUF_BUFG | Instruction_Memory/memory[56][15]_i_1_n_0      | Instruction_Memory/reset_n |                1 |              8 |         8.00 |
|  clk_i_IBUF_BUFG | Instruction_Memory/memory[54][31]_i_1_n_0      | Instruction_Memory/reset_n |                3 |              8 |         2.67 |
|  clk_i_IBUF_BUFG | Instruction_Memory/memory[57][31]_i_1_n_0      | Instruction_Memory/reset_n |                3 |              8 |         2.67 |
|  clk_i_IBUF_BUFG | Instruction_Memory/memory[50][23]_i_1_n_0      | Instruction_Memory/reset_n |                1 |              8 |         8.00 |
|  clk_i_IBUF_BUFG | Instruction_Memory/memory[55][7]_i_1_n_0       | Instruction_Memory/reset_n |                4 |              8 |         2.00 |
|  clk_i_IBUF_BUFG | Instruction_Memory/memory[59][23]_i_1_n_0      | Instruction_Memory/reset_n |                2 |              8 |         4.00 |
|  clk_i_IBUF_BUFG | Instruction_Memory/memory[47][7]_i_1_n_0       | Instruction_Memory/reset_n |                7 |              8 |         1.14 |
|  clk_i_IBUF_BUFG | Instruction_Memory/memory[59][31]_i_1_n_0      | Instruction_Memory/reset_n |                2 |              8 |         4.00 |
|  clk_i_IBUF_BUFG | Instruction_Memory/memory[51][15]_i_1_n_0      | Instruction_Memory/reset_n |                4 |              8 |         2.00 |
|  clk_i_IBUF_BUFG | Instruction_Memory/memory[55][15]_i_1_n_0      | Instruction_Memory/reset_n |                2 |              8 |         4.00 |
|  clk_i_IBUF_BUFG | Instruction_Memory/memory[51][23]_i_1_n_0      | Instruction_Memory/reset_n |                2 |              8 |         4.00 |
|  clk_i_IBUF_BUFG | Instruction_Memory/memory[53][23]_i_1_n_0      | Instruction_Memory/reset_n |                2 |              8 |         4.00 |
|  clk_i_IBUF_BUFG | Instruction_Memory/memory[47][23]_i_1_n_0      | Instruction_Memory/reset_n |                2 |              8 |         4.00 |
|  clk_i_IBUF_BUFG | Instruction_Memory/memory[48][7]_i_1_n_0       | Instruction_Memory/reset_n |                1 |              8 |         8.00 |
|  clk_i_IBUF_BUFG | Instruction_Memory/memory[49][31]_i_1_n_0      | Instruction_Memory/reset_n |                3 |              8 |         2.67 |
|  clk_i_IBUF_BUFG | Instruction_Memory/memory[48][15]_i_1_n_0      | Instruction_Memory/reset_n |                2 |              8 |         4.00 |
|  clk_i_IBUF_BUFG | Instruction_Memory/memory[4][23]_i_1_n_0       | Instruction_Memory/reset_n |                2 |              8 |         4.00 |
|  clk_i_IBUF_BUFG | Instruction_Memory/memory[54][15]_i_1_n_0      | Instruction_Memory/reset_n |                2 |              8 |         4.00 |
|  clk_i_IBUF_BUFG | Instruction_Memory/memory[47][15]_i_1_n_0      | Instruction_Memory/reset_n |                2 |              8 |         4.00 |
|  clk_i_IBUF_BUFG | Instruction_Memory/memory[54][23]_i_1_n_0      | Instruction_Memory/reset_n |                2 |              8 |         4.00 |
|  clk_i_IBUF_BUFG | Instruction_Memory/memory[59][7]_i_1_n_0       | Instruction_Memory/reset_n |                3 |              8 |         2.67 |
|  clk_i_IBUF_BUFG | Instruction_Memory/memory[5][15]_i_1_n_0       | Instruction_Memory/reset_n |                5 |              8 |         1.60 |
|  clk_i_IBUF_BUFG | Instruction_Memory/memory[5][23]_i_1_n_0       | Instruction_Memory/reset_n |                3 |              8 |         2.67 |
|  clk_i_IBUF_BUFG | Instruction_Memory/memory[60][15]_i_1_n_0      | Instruction_Memory/reset_n |                3 |              8 |         2.67 |
|  clk_i_IBUF_BUFG | Instruction_Memory/memory[47][31]_i_1_n_0      | Instruction_Memory/reset_n |                6 |              8 |         1.33 |
|  clk_i_IBUF_BUFG | Instruction_Memory/memory[4][7]_i_1_n_0        | Instruction_Memory/reset_n |                5 |              8 |         1.60 |
|  clk_i_IBUF_BUFG | Instruction_Memory/memory[52][7]_i_1_n_0       | Instruction_Memory/reset_n |                2 |              8 |         4.00 |
|  clk_i_IBUF_BUFG | Instruction_Memory/memory[56][31]_i_1_n_0      | Instruction_Memory/reset_n |                2 |              8 |         4.00 |
|  clk_i_IBUF_BUFG | Instruction_Memory/memory[56][23]_i_1_n_0      | Instruction_Memory/reset_n |                4 |              8 |         2.00 |
|  clk_i_IBUF_BUFG | Instruction_Memory/memory[48][23]_i_1_n_0      | Instruction_Memory/reset_n |                1 |              8 |         8.00 |
|  clk_i_IBUF_BUFG | Instruction_Memory/memory[7][23]_i_1_n_0       | Instruction_Memory/reset_n |                3 |              8 |         2.67 |
|  clk_i_IBUF_BUFG | Instruction_Memory/memory[7][31]_i_1_n_0       | Instruction_Memory/reset_n |                6 |              8 |         1.33 |
|  clk_i_IBUF_BUFG | Instruction_Memory/memory[9][23]_i_1_n_0       | Instruction_Memory/reset_n |                6 |              8 |         1.33 |
|  clk_i_IBUF_BUFG | Instruction_Memory/memory[62][15]_i_1_n_0      | Instruction_Memory/reset_n |                1 |              8 |         8.00 |
|  clk_i_IBUF_BUFG | Instruction_Memory/memory[8][31]_i_1_n_0       | Instruction_Memory/reset_n |                6 |              8 |         1.33 |
|  clk_i_IBUF_BUFG | Instruction_Memory/memory[63][31]_i_1_n_0      |                            |                8 |              8 |         1.00 |
|  clk_i_IBUF_BUFG | Instruction_Memory/memory[6][31]_i_1_n_0       | Instruction_Memory/reset_n |                2 |              8 |         4.00 |
|  clk_i_IBUF_BUFG | Instruction_Memory/memory[7][7]_i_1_n_0        | Instruction_Memory/reset_n |                4 |              8 |         2.00 |
|  clk_i_IBUF_BUFG | Instruction_Memory/memory[9][15]_i_1_n_0       | Instruction_Memory/reset_n |                7 |              8 |         1.14 |
|  clk_i_IBUF_BUFG | Instruction_Memory/memory[61][23]_i_1_n_0      | Instruction_Memory/reset_n |                2 |              8 |         4.00 |
|  clk_i_IBUF_BUFG | Instruction_Memory/memory[63][23]_i_1_n_0      |                            |                3 |              8 |         2.67 |
|  clk_i_IBUF_BUFG | Instruction_Memory/memory[60][31]_i_1_n_0      | Instruction_Memory/reset_n |                5 |              8 |         1.60 |
|  clk_i_IBUF_BUFG | Instruction_Memory/memory[62][31]_i_1_n_0      | Instruction_Memory/reset_n |                5 |              8 |         1.60 |
|  clk_i_IBUF_BUFG | Instruction_Memory/memory[63][15]_i_1_n_0      |                            |                8 |              8 |         1.00 |
|  clk_i_IBUF_BUFG | Instruction_Memory/memory[62][7]_i_1_n_0       | Instruction_Memory/reset_n |                2 |              8 |         4.00 |
|  clk_i_IBUF_BUFG | Instruction_Memory/memory[7][15]_i_1_n_0       | Instruction_Memory/reset_n |                4 |              8 |         2.00 |
|  clk_i_IBUF_BUFG | Instruction_Memory/memory[8][23]_i_1_n_0       | Instruction_Memory/reset_n |                4 |              8 |         2.00 |
|  clk_i_IBUF_BUFG | Instruction_Memory/memory[61][7]_i_1_n_0       | Instruction_Memory/reset_n |                8 |              8 |         1.00 |
|  clk_i_IBUF_BUFG | Instruction_Memory/memory[6][23]_i_1_n_0       | Instruction_Memory/reset_n |                3 |              8 |         2.67 |
|  clk_i_IBUF_BUFG | Instruction_Memory/memory[60][7]_i_1_n_0       | Instruction_Memory/reset_n |                1 |              8 |         8.00 |
|  clk_i_IBUF_BUFG | Instruction_Memory/memory[61][15]_i_1_n_0      | Instruction_Memory/reset_n |                6 |              8 |         1.33 |
|  clk_i_IBUF_BUFG | Instruction_Memory/memory[6][7]_i_1_n_0        | Instruction_Memory/reset_n |                4 |              8 |         2.00 |
|  clk_i_IBUF_BUFG | Instruction_Memory/memory[61][31]_i_1_n_0      | Instruction_Memory/reset_n |                5 |              8 |         1.60 |
|  clk_i_IBUF_BUFG | Instruction_Memory/memory[62][23]_i_1_n_0      | Instruction_Memory/reset_n |                4 |              8 |         2.00 |
|  clk_i_IBUF_BUFG | Instruction_Memory/memory[8][15]_i_1_n_0       | Instruction_Memory/reset_n |                3 |              8 |         2.67 |
|  clk_i_IBUF_BUFG |                                                | IF_ID/pcIm_o[11]_i_1_n_0   |                5 |             12 |         2.40 |
|  clk_i_IBUF_BUFG | ID_EX/p_0_in                                   | IF_ID/pcIm_o[11]_i_1_n_0   |               13 |             32 |         2.46 |
| ~clk_i_IBUF_BUFG | MEM_WB/RegWrite_o_reg_7[0]                     | Instruction_Memory/reset_n |               24 |             36 |         1.50 |
| ~clk_i_IBUF_BUFG | MEM_WB/RegWrite_o_reg_8[0]                     | Instruction_Memory/reset_n |               29 |             36 |         1.24 |
| ~clk_i_IBUF_BUFG | MEM_WB/RegWrite_o_reg_5[0]                     | Instruction_Memory/reset_n |               21 |             36 |         1.71 |
| ~clk_i_IBUF_BUFG | MEM_WB/E[0]                                    | Instruction_Memory/reset_n |               26 |             36 |         1.38 |
| ~clk_i_IBUF_BUFG | MEM_WB/RegWrite_o_reg_10[0]                    | Instruction_Memory/reset_n |               24 |             36 |         1.50 |
| ~clk_i_IBUF_BUFG | MEM_WB/RegWrite_o_reg_20[0]                    | Instruction_Memory/reset_n |               24 |             36 |         1.50 |
| ~clk_i_IBUF_BUFG | MEM_WB/RegWrite_o_reg_21[0]                    | Instruction_Memory/reset_n |               24 |             36 |         1.50 |
| ~clk_i_IBUF_BUFG | MEM_WB/RegWrite_o_reg_22[0]                    | Instruction_Memory/reset_n |               22 |             36 |         1.64 |
| ~clk_i_IBUF_BUFG | MEM_WB/RegWrite_o_reg_24[0]                    | Instruction_Memory/reset_n |               23 |             36 |         1.57 |
| ~clk_i_IBUF_BUFG | MEM_WB/RegWrite_o_reg_26[0]                    | Instruction_Memory/reset_n |               22 |             36 |         1.64 |
| ~clk_i_IBUF_BUFG | MEM_WB/RegWrite_o_reg_3[0]                     | Instruction_Memory/reset_n |               19 |             36 |         1.89 |
| ~clk_i_IBUF_BUFG | MEM_WB/RegWrite_o_reg_30[0]                    | Instruction_Memory/reset_n |               32 |             36 |         1.12 |
| ~clk_i_IBUF_BUFG | MEM_WB/RegWrite_o_reg_16[0]                    | Instruction_Memory/reset_n |               21 |             36 |         1.71 |
| ~clk_i_IBUF_BUFG | MEM_WB/RegWrite_o_reg_0[0]                     | Instruction_Memory/reset_n |               19 |             36 |         1.89 |
| ~clk_i_IBUF_BUFG | MEM_WB/RegWrite_o_reg_11[0]                    | Instruction_Memory/reset_n |               22 |             36 |         1.64 |
| ~clk_i_IBUF_BUFG | MEM_WB/RegWrite_o_reg_17[0]                    | Instruction_Memory/reset_n |               25 |             36 |         1.44 |
| ~clk_i_IBUF_BUFG | MEM_WB/RegWrite_o_reg_1[0]                     | Instruction_Memory/reset_n |               19 |             36 |         1.89 |
| ~clk_i_IBUF_BUFG | MEM_WB/RegWrite_o_reg_19[0]                    | Instruction_Memory/reset_n |               24 |             36 |         1.50 |
| ~clk_i_IBUF_BUFG | MEM_WB/RegWrite_o_reg_25[0]                    | Instruction_Memory/reset_n |               24 |             36 |         1.50 |
| ~clk_i_IBUF_BUFG | MEM_WB/RegWrite_o_reg_13[0]                    | Instruction_Memory/reset_n |               24 |             36 |         1.50 |
| ~clk_i_IBUF_BUFG | MEM_WB/RegWrite_o_reg_15[0]                    | Instruction_Memory/reset_n |               25 |             36 |         1.44 |
| ~clk_i_IBUF_BUFG | MEM_WB/RegWrite_o_reg_14[0]                    | Instruction_Memory/reset_n |               24 |             36 |         1.50 |
| ~clk_i_IBUF_BUFG | MEM_WB/RegWrite_o_reg_23[0]                    | Instruction_Memory/reset_n |               21 |             36 |         1.71 |
| ~clk_i_IBUF_BUFG | MEM_WB/RegWrite_o_reg_27[0]                    | Instruction_Memory/reset_n |               21 |             36 |         1.71 |
| ~clk_i_IBUF_BUFG | MEM_WB/RegWrite_o_reg_29[0]                    | Instruction_Memory/reset_n |               27 |             36 |         1.33 |
| ~clk_i_IBUF_BUFG | MEM_WB/RegWrite_o_reg_2[0]                     | Instruction_Memory/reset_n |               21 |             36 |         1.71 |
| ~clk_i_IBUF_BUFG | MEM_WB/RegWrite_o_reg_28[0]                    | Instruction_Memory/reset_n |               27 |             36 |         1.33 |
| ~clk_i_IBUF_BUFG | MEM_WB/RegWrite_o_reg_4[0]                     | Instruction_Memory/reset_n |               26 |             36 |         1.38 |
| ~clk_i_IBUF_BUFG | MEM_WB/RegWrite_o_reg_12[0]                    | Instruction_Memory/reset_n |               24 |             36 |         1.50 |
| ~clk_i_IBUF_BUFG | MEM_WB/RegWrite_o_reg_18[0]                    | Instruction_Memory/reset_n |               23 |             36 |         1.57 |
| ~clk_i_IBUF_BUFG | MEM_WB/RegWrite_o_reg_9[0]                     | Instruction_Memory/reset_n |               18 |             36 |         2.00 |
| ~clk_i_IBUF_BUFG | MEM_WB/RegWrite_o_reg_6[0]                     | Instruction_Memory/reset_n |               25 |             36 |         1.44 |
|  clk_i_IBUF_BUFG | ID_EX/p_0_in                                   | EX_MEM/start_i_n_reg       |               16 |             37 |         2.31 |
|  clk_i_IBUF_BUFG |                                                | Instruction_Memory/reset_n |               17 |             45 |         2.65 |
|  clk_i_IBUF_BUFG |                                                | EX_MEM/start_i_n_reg       |              133 |            321 |         2.41 |
+------------------+------------------------------------------------+----------------------------+------------------+----------------+--------------+


